This is pdfTeX, Version 3.14159-1.10b (Web2C 7.4.5) (format=pdflatex 2005.1.22)  30 JAN 2005 18:11
**progelm.tex
(./progelm.tex{/usr/share/texmf/pdftex/config/pdftex.cfg}
LaTeX2e <2001/06/01>
Babel <v3.7h> and hyphenation patterns for american, french, german, ngerman, n
ohyphenation, loaded.
(/usr/share/texmf/tex/latex/base/article.cls
Document Class: article 2001/04/21 v1.4e Standard LaTeX document class
(/usr/share/texmf/tex/latex/base/size10.clo
File: size10.clo 2001/04/21 v1.4e Standard LaTeX file (size option)
)
\c@part=\count79
\c@section=\count80
\c@subsection=\count81
\c@subsubsection=\count82
\c@paragraph=\count83
\c@subparagraph=\count84
\c@figure=\count85
\c@table=\count86
\abovecaptionskip=\skip41
\belowcaptionskip=\skip42
\bibindent=\dimen102
)
(/usr/share/texmf/tex/latex/base/inputenc.sty
Package: inputenc 2001/07/10 v0.99a Input encoding file 

(/usr/share/texmf/tex/latex/base/latin2.def
File: latin2.def 2001/07/10 v0.99a Input encoding file 
))
(/usr/share/texmf/tex/latex/misc/anysize.sty
Package: anysize 1994/08/13 setting margin sizes

document style option `anysize' loaded
Michael Salzenberg, Thomas Esser, Dirk Hillbrecht
Version 1.0, Aug 13, 1994
\@Leftmargin=\dimen103
\@Rightmargin=\dimen104
\@Topmargin=\dimen105
\@Bottommargin=\dimen106
) (/usr/share/texmf/tex/latex/amsfonts/amssymb.sty
Package: amssymb 2002/01/22 v2.2d

(/usr/share/texmf/tex/latex/amsfonts/amsfonts.sty
Package: amsfonts 2001/10/25 v2.2f
\@emptytoks=\toks14
\symAMSa=\mathgroup4
\symAMSb=\mathgroup5
LaTeX Font Info:    Overwriting math alphabet `\mathfrak' in version `bold'
(Font)                  U/euf/m/n --> U/euf/b/n on input line 132.
))
(/usr/share/texmf/tex/latex/amsmath/amsmath.sty
Package: amsmath 2000/07/18 v2.13 AMS math features
\@mathmargin=\skip43

For additional information on amsmath, use the `?' option.
(/usr/share/texmf/tex/latex/amsmath/amstext.sty
Package: amstext 2000/06/29 v2.01

(/usr/share/texmf/tex/latex/amsmath/amsgen.sty
File: amsgen.sty 1999/11/30 v2.0
\@emptytoks=\toks15
\ex@=\dimen107
))
(/usr/share/texmf/tex/latex/amsmath/amsbsy.sty
Package: amsbsy 1999/11/29 v1.2d
\pmbraise@=\dimen108
)
(/usr/share/texmf/tex/latex/amsmath/amsopn.sty
Package: amsopn 1999/12/14 v2.01 operator names
)
\inf@bad=\count87
LaTeX Info: Redefining \frac on input line 211.
\uproot@=\count88
\leftroot@=\count89
LaTeX Info: Redefining \overline on input line 307.
\classnum@=\count90
\DOTSCASE@=\count91
LaTeX Info: Redefining \ldots on input line 379.
LaTeX Info: Redefining \dots on input line 382.
LaTeX Info: Redefining \cdots on input line 467.
\Mathstrutbox@=\box26
\strutbox@=\box27
\big@size=\dimen109
LaTeX Font Info:    Redeclaring font encoding OML on input line 567.
LaTeX Font Info:    Redeclaring font encoding OMS on input line 568.
\macc@depth=\count92
\c@MaxMatrixCols=\count93
\dotsspace@=\muskip10
\c@parentequation=\count94
\dspbrk@lvl=\count95
\tag@help=\toks16
\row@=\count96
\column@=\count97
\maxfields@=\count98
\andhelp@=\toks17
\eqnshift@=\dimen110
\alignsep@=\dimen111
\tagshift@=\dimen112
\tagwidth@=\dimen113
\totwidth@=\dimen114
\lineht@=\dimen115
\@envbody=\toks18
\multlinegap=\skip44
\multlinetaggap=\skip45
\mathdisplay@stack=\toks19
LaTeX Info: Redefining \[ on input line 2666.
LaTeX Info: Redefining \] on input line 2667.
)
(/usr/share/texmf/tex/latex/amsmath/amscd.sty
Package: amscd 1999/11/29 v2.0
\athelp@=\toks20
\minaw@=\dimen116
\bigaw@=\dimen117
\minCDarrowwidth=\dimen118
)
No file progelm.aux.
\openout1 = `progelm.aux'.

LaTeX Font Info:    Checking defaults for OML/cmm/m/it on input line 12.
LaTeX Font Info:    ... okay on input line 12.
LaTeX Font Info:    Checking defaults for T1/cmr/m/n on input line 12.
LaTeX Font Info:    ... okay on input line 12.
LaTeX Font Info:    Checking defaults for OT1/cmr/m/n on input line 12.
LaTeX Font Info:    ... okay on input line 12.
LaTeX Font Info:    Checking defaults for OMS/cmsy/m/n on input line 12.
LaTeX Font Info:    ... okay on input line 12.
LaTeX Font Info:    Checking defaults for OMX/cmex/m/n on input line 12.
LaTeX Font Info:    ... okay on input line 12.
LaTeX Font Info:    Checking defaults for U/cmr/m/n on input line 12.
LaTeX Font Info:    ... okay on input line 12.
LaTeX Font Info:    Try loading font information for OMS+cmr on input line 22.
(/usr/share/texmf/tex/latex/base/omscmr.fd
File: omscmr.fd 1999/05/25 v2.5h Standard LaTeX font definitions
)
LaTeX Font Info:    Font shape `OMS/cmr/m/n' in size <12> not available
(Font)              Font shape `OMS/cmsy/m/n' tried instead on input line 22.
LaTeX Font Info:    Try loading font information for U+msa on input line 28.

(/usr/share/texmf/tex/latex/amsfonts/umsa.fd
File: umsa.fd 2002/01/19 v2.2g AMS font definitions
)
LaTeX Font Info:    Try loading font information for U+msb on input line 28.

(/usr/share/texmf/tex/latex/amsfonts/umsb.fd
File: umsb.fd 2002/01/19 v2.2g AMS font definitions
)
Underfull \hbox (badness 10000) in paragraph at lines 65--74

 []

[1

{/usr/share/texmf/dvips/config/pdftex.map}]
Underfull \hbox (badness 10000) in paragraph at lines 84--103

 []


Underfull \hbox (badness 10000) in paragraph at lines 84--103

 []

[2]
Underfull \hbox (badness 10000) in paragraph at lines 115--127

 []


Underfull \hbox (badness 10000) in paragraph at lines 133--148

 []


Underfull \hbox (badness 10000) in paragraph at lines 133--148

 []


Underfull \hbox (badness 10000) in paragraph at lines 133--148

 []


Underfull \hbox (badness 10000) in paragraph at lines 152--184

 []


Underfull \hbox (badness 10000) in paragraph at lines 152--184

 []


Underfull \hbox (badness 10000) in paragraph at lines 152--184

 []


Underfull \hbox (badness 10000) in paragraph at lines 152--184

 []


Underfull \hbox (badness 10000) in paragraph at lines 152--184

 []


Underfull \hbox (badness 10000) in paragraph at lines 152--184

 []

[3] [4]
Underfull \hbox (badness 10000) in paragraph at lines 211--221

 []


Underfull \hbox (badness 10000) in paragraph at lines 211--221

 []


Underfull \hbox (badness 10000) in paragraph at lines 226--310

 []


Underfull \hbox (badness 10000) in paragraph at lines 226--310

 []


Underfull \hbox (badness 10000) in paragraph at lines 226--310

 []


Underfull \hbox (badness 10000) in paragraph at lines 226--310

 []


Underfull \hbox (badness 10000) in paragraph at lines 226--310

 []


Underfull \hbox (badness 10000) in paragraph at lines 226--310

 []


Underfull \hbox (badness 10000) in paragraph at lines 226--310

 []


Underfull \hbox (badness 10000) in paragraph at lines 226--310

 []


Underfull \hbox (badness 10000) in paragraph at lines 226--310

 []


Underfull \hbox (badness 10000) in paragraph at lines 226--310

 []

[5] [6] [7]
Underfull \hbox (badness 10000) in paragraph at lines 317--337

 []


Underfull \hbox (badness 10000) in paragraph at lines 317--337

 []


Underfull \hbox (badness 10000) in paragraph at lines 317--337

 []


Underfull \hbox (badness 10000) in paragraph at lines 317--337

 []


Underfull \hbox (badness 10000) in paragraph at lines 341--345

 []


Underfull \hbox (badness 10000) in paragraph at lines 349--354

 []

[8]
Underfull \hbox (badness 10000) in paragraph at lines 367--397

 []


Underfull \hbox (badness 10000) in paragraph at lines 367--397

 []


Underfull \hbox (badness 10000) in paragraph at lines 367--397

 []


Underfull \hbox (badness 10000) in paragraph at lines 367--397

 []

[9] [10]
Underfull \hbox (badness 10000) in paragraph at lines 404--419

 []


Underfull \hbox (badness 10000) in paragraph at lines 404--419

 []


Underfull \hbox (badness 10000) in paragraph at lines 404--419

 []


Underfull \hbox (badness 10000) in paragraph at lines 404--419

 []


Underfull \hbox (badness 10000) in paragraph at lines 420--502

 []


Underfull \hbox (badness 10000) in paragraph at lines 420--502

 []


Underfull \hbox (badness 10000) in paragraph at lines 420--502

 []


Underfull \hbox (badness 10000) in paragraph at lines 420--502

 []


Underfull \hbox (badness 10000) in paragraph at lines 420--502

 []


Underfull \hbox (badness 10000) in paragraph at lines 420--502

 []


Underfull \hbox (badness 10000) in paragraph at lines 420--502

 []


Underfull \hbox (badness 10000) in paragraph at lines 420--502

 []


Underfull \hbox (badness 10000) in paragraph at lines 420--502

 []


Underfull \hbox (badness 10000) in paragraph at lines 420--502

 []


Underfull \hbox (badness 10000) in paragraph at lines 420--502

 []


Overfull \hbox (14.43813pt too wide) in paragraph at lines 420--502
[]$/cmmi12/'[]/cmr12/(/cmmi12/g[]/cmr12/(/cmmi12/c[]/cmr12/)) = /cmmi12/'[]/cmr
12/(/cmmi12/g[]/cmr12/(/cmmi12/c[]/cmr12/)) = (/cmsy10@12.0pt/8/cmmi12/f[] /cms
y10@12.0pt/2 /cmmi12/F[]/cmr12/)(/cmmi12/f[]/cmr12/(/cmmi12/'[]/cmr12/(/cmmi12/
g[]/cmr12/(/cmmi12/c[]/cmr12/))) = /cmmi12/f[]/cmr12/(/cmmi12/'/cmr12/(/cmmi12/
g[]/cmr12/(/cmmi12/c[]/cmr12/)))) = (/cmsy10@12.0pt/8/cmmi12/f[] /cmsy10@12.0pt
/2 /cmmi12/F[]/cmr12/)(/cmmi12/f[]/cmr12/(/cmmi12/f[]/cmr12/(/cmmi12/'[]/cmr12/
(/cmmi12/c[]/cmr12/))) =
 []


Underfull \hbox (badness 10000) in paragraph at lines 420--502

 []


Underfull \hbox (badness 10000) in paragraph at lines 420--502

 []

[11] [12] [13]
Underfull \hbox (badness 10000) in paragraph at lines 509--526

 []


Underfull \hbox (badness 10000) in paragraph at lines 509--526

 []


Underfull \hbox (badness 10000) in paragraph at lines 531--557

 []


Underfull \hbox (badness 10000) in paragraph at lines 531--557

 []

[14]
Underfull \hbox (badness 10000) in paragraph at lines 564--587

 []


Underfull \hbox (badness 10000) in paragraph at lines 564--587

 []


Underfull \hbox (badness 10000) in paragraph at lines 564--587

 []

[15]
Underfull \hbox (badness 10000) in paragraph at lines 594--661

 []


Underfull \hbox (badness 10000) in paragraph at lines 594--661

 []


Underfull \hbox (badness 10000) in paragraph at lines 594--661

 []


Underfull \hbox (badness 10000) in paragraph at lines 594--661

 []


Underfull \hbox (badness 10000) in paragraph at lines 594--661

 []


Underfull \hbox (badness 10000) in paragraph at lines 594--661

 []


Underfull \hbox (badness 10000) in paragraph at lines 594--661

 []


Underfull \hbox (badness 10000) in paragraph at lines 594--661

 []

[16] [17]
Underfull \hbox (badness 10000) in paragraph at lines 668--681

 []


Underfull \hbox (badness 10000) in paragraph at lines 668--681

 []


Underfull \hbox (badness 10000) in paragraph at lines 688--700

 []


Underfull \hbox (badness 10000) in paragraph at lines 688--700

 []

[18]
Underfull \hbox (badness 10000) in paragraph at lines 709--763

 []


Underfull \hbox (badness 10000) in paragraph at lines 709--763

 []


Underfull \hbox (badness 10000) in paragraph at lines 709--763

 []


Underfull \hbox (badness 10000) in paragraph at lines 709--763

 []


Underfull \hbox (badness 10000) in paragraph at lines 709--763

 []


Underfull \hbox (badness 10000) in paragraph at lines 709--763

 []


Underfull \hbox (badness 10000) in paragraph at lines 709--763

 []


Underfull \hbox (badness 10000) in paragraph at lines 709--763

 []


Underfull \hbox (badness 10000) in paragraph at lines 709--763

 []

[19]
Underfull \hbox (badness 10000) in paragraph at lines 763--779

 []


Underfull \hbox (badness 10000) in paragraph at lines 763--779

 []


Underfull \hbox (badness 10000) in paragraph at lines 763--779

 []

[20] [21]
Underfull \hbox (badness 10000) in paragraph at lines 792--859

 []


Underfull \hbox (badness 10000) in paragraph at lines 792--859

 []


Underfull \hbox (badness 10000) in paragraph at lines 792--859

 []


Underfull \hbox (badness 10000) in paragraph at lines 792--859

 []


Underfull \hbox (badness 10000) in paragraph at lines 792--859

 []


Underfull \hbox (badness 10000) in paragraph at lines 792--859

 []


Underfull \hbox (badness 10000) in paragraph at lines 792--859

 []


Underfull \hbox (badness 10000) in paragraph at lines 792--859

 []


Underfull \hbox (badness 10000) in paragraph at lines 792--859

 []

[22] [23]
Underfull \hbox (badness 10000) in paragraph at lines 866--895

 []


Underfull \hbox (badness 10000) in paragraph at lines 866--895

 []


Underfull \hbox (badness 10000) in paragraph at lines 866--895

 []


Underfull \hbox (badness 10000) in paragraph at lines 866--895

 []


Underfull \hbox (badness 10000) in paragraph at lines 866--895

 []

[24]
Underfull \hbox (badness 10000) in paragraph at lines 911--915

 []


Overfull \hbox (21.7463pt too wide) in paragraph at lines 921--934
/cmr12/A fel-sorolt ax-iomak es kovetkeztetesi sz-a-ba-lyok alkot-jak a de-ter-
min-isztikus pro-gramok tel-jes helyessegenek
 []


Underfull \hbox (badness 10000) in paragraph at lines 921--934

 []


Underfull \hbox (badness 10000) in paragraph at lines 921--934

 []


Underfull \hbox (badness 10000) in paragraph at lines 921--934

 []


Underfull \hbox (badness 10000) in paragraph at lines 921--934

 []

[25]
Underfull \hbox (badness 10000) in paragraph at lines 935--950

 []


Underfull \hbox (badness 10000) in paragraph at lines 935--950

 []


Underfull \hbox (badness 10000) in paragraph at lines 935--950

 []


Underfull \hbox (badness 10000) in paragraph at lines 935--950

 []


Overfull \hbox (6.6548pt too wide) in paragraph at lines 955--971
/cmbx12/Definicio: /cmr12/Adott egy S de-ter-min-isztikus pro-gram, ame-lynek p
ro-gramfug-gvenye $/cmmi12/f[]/cmr12/(/cmmi12/x; y/cmr12/)/cmmi12/; p/cmr12/(/c
mmi12/x; y/cmr12/)/cmmi12/; q/cmr12/(/cmmi12/x; y/cmr12/)$
 []


Underfull \hbox (badness 10000) in paragraph at lines 955--971

 []


Underfull \hbox (badness 10000) in paragraph at lines 955--971

 []


Underfull \hbox (badness 10000) in paragraph at lines 955--971

 []


Underfull \hbox (badness 10000) in paragraph at lines 955--971

 []

[26] [27]
Underfull \hbox (badness 10000) in paragraph at lines 978--1019

 []


Underfull \hbox (badness 10000) in paragraph at lines 978--1019

 []


Underfull \hbox (badness 10000) in paragraph at lines 978--1019

 []


Underfull \hbox (badness 10000) in paragraph at lines 978--1019

 []


Underfull \hbox (badness 10000) in paragraph at lines 978--1019

 []


Underfull \hbox (badness 10000) in paragraph at lines 978--1019

 []

[28]
Underfull \hbox (badness 10000) in paragraph at lines 1020--1030

 []


Overfull \hbox (8.26262pt too wide) in paragraph at lines 1020--1030
/cmr12/((/cmmi12/M/cmr12/[/cmmi12/S[]/cmr12/](/cmsy10@12.0pt/f/cmmi12/p /cmsy10
@12.0pt/^ /cmmi12/^^K/cmsy10@12.0pt/g/cmr12/) /cmsy10@12.0pt/[ /cmr12/(/cmmi12/
M/cmr12/[/cmmi12/S[]/cmr12/](/cmsy10@12.0pt/f/cmmi12/p/cmsy10@12.0pt/^ 6 /cmmi1
2/^^K/cmsy10@12.0pt/g/cmr12/) /cmsy10@12.0pt/^^Z f/cmmi12/q/cmsy10@12.0pt/g/cmr
12/) /cmsy10@12.0pt/) f/cmmi12/p/cmsy10@12.0pt/g$ /cmr12/if $/cmmi12/^^K$ /cmr1
2/then $/cmmi12/S[]$ /cmr12/else $/cmmi12/S[]$ /cmr12/fi $/cmsy10@12.0pt/f/cmmi
12/q/cmsy10@12.0pt/g$/cmr12/="true" $/cmsy10@12.0pt/^^Q f/cmmi12/p/cmsy10@12.0p
t/g/cmmi12/S/cmsy10@12.0pt/f/cmmi12/q/cmsy10@12.0pt/g$/cmr12/="true"; 
 []


Underfull \hbox (badness 10000) in paragraph at lines 1031--1048

 []


Underfull \hbox (badness 10000) in paragraph at lines 1049--1095

 []


Underfull \hbox (badness 10000) in paragraph at lines 1049--1095

 []


Underfull \hbox (badness 10000) in paragraph at lines 1049--1095

 []

[29] [30]
Underfull \hbox (badness 10000) in paragraph at lines 1102--1118

 []


Underfull \hbox (badness 10000) in paragraph at lines 1133--1138

 []

[31] [32] [33] (./progelm.aux) ) 
Here is how much of TeX's memory you used:
 1211 strings out of 95437
 13337 string characters out of 1190233
 71219 words of memory out of 1000001
 4228 multiletter control sequences out of 10000+50000
 10270 words of font info for 38 fonts, out of 500000 for 1000
 14 hyphenation exceptions out of 1000
 27i,18n,24p,359b,363s stack positions out of 1500i,500n,5000p,200000b,5000s
 150 PDF objects out of 300000
 0 named destinations out of 131072
 0 words of extra memory for PDF output out of 65536
{/usr/share/texmf/dvips/tetex/f7b6d320.enc}</us
r/share/texmf/fonts/type1/bluesky/cm/cmbx8.pfb>{/usr/share/texmf/dvips/tetex/74
afc74c.enc}</usr/share/texmf/fonts/type1/bluesky/cm/cmti8.pfb></usr/share/texmf
/fonts/type1/bluesky/cm/cmti12.pfb>{/usr/share/texmf/dvips/tetex/bbad153f.enc}<
/usr/share/texmf/fonts/type1/bluesky/cm/cmsy6.pfb>{/usr/share/texmf/dvips/tetex
/aae443f0.enc}</usr/share/texmf/fonts/type1/bluesky/cm/cmmi6.pfb></usr/share/te
xmf/fonts/type1/bluesky/cm/cmr6.pfb></usr/share/texmf/fonts/type1/bluesky/cm/cm
sy8.pfb></usr/share/texmf/fonts/type1/bluesky/cm/cmex10.pfb></usr/share/texmf/f
onts/type1/bluesky/cm/cmmi8.pfb></usr/share/texmf/fonts/type1/bluesky/cm/cmr8.p
fb></usr/share/texmf/fonts/type1/bluesky/cm/cmmi12.pfb></usr/share/texmf/fonts/
type1/bluesky/cm/cmr10.pfb></usr/share/texmf/fonts/type1/bluesky/cm/cmsy10.pfb>
</usr/share/texmf/fonts/type1/bluesky/cm/cmr12.pfb></usr/share/texmf/fonts/type
1/bluesky/cm/cmbx12.pfb>
Output written on progelm.pdf (33 pages, 193842 bytes).
